<?xml version="1.0" encoding="UTF-8"?>
<testsuite name="com.team4.vinilosapp.data.repository.ArtistRepositoryTest" tests="6" skipped="0" failures="0" errors="0" timestamp="2026-05-10T01:40:39.212Z" hostname="Fabians-MacBook-Air-2.local" time="0.001">
  <properties/>
  <testcase name="addAlbumToArtist_returnsSuccessAndForwardsIds" classname="com.team4.vinilosapp.data.repository.ArtistRepositoryTest" time="0.0"/>
  <testcase name="addAlbumToArtist_returnsFailureWhenAdapterFails" classname="com.team4.vinilosapp.data.repository.ArtistRepositoryTest" time="0.001"/>
  <testcase name="getArtists_returnsEmptyListWhenBothEndpointsAreEmpty" classname="com.team4.vinilosapp.data.repository.ArtistRepositoryTest" time="0.0"/>
  <testcase name="getArtists_returnsOnlyMusiciansWhenBandsAreEmpty" classname="com.team4.vinilosapp.data.repository.ArtistRepositoryTest" time="0.0"/>
  <testcase name="getArtists_returnsMusicians" classname="com.team4.vinilosapp.data.repository.ArtistRepositoryTest" time="0.0"/>
  <testcase name="getArtists_returnsFailureWhenMusiciansCallFails" classname="com.team4.vinilosapp.data.repository.ArtistRepositoryTest" time="0.0"/>
  <system-out><![CDATA[]]></system-out>
  <system-err><![CDATA[]]></system-err>
</testsuite>
