<?xml version="1.0" encoding="UTF-8"?>
<testsuite name="com.team4.vinilosapp.ui.viewmodels.ArtistViewModelTest" tests="10" skipped="0" failures="0" errors="0" timestamp="2026-05-10T01:40:39.715Z" hostname="Fabians-MacBook-Air-2.local" time="0.009">
  <properties/>
  <testcase name="addAlbumToArtist_invokesOnSuccessAndForwardsIds" classname="com.team4.vinilosapp.ui.viewmodels.ArtistViewModelTest" time="0.002"/>
  <testcase name="search_returnsEmptyWhenNoMatch" classname="com.team4.vinilosapp.ui.viewmodels.ArtistViewModelTest" time="0.001"/>
  <testcase name="search_filtersArtistsByName" classname="com.team4.vinilosapp.ui.viewmodels.ArtistViewModelTest" time="0.001"/>
  <testcase name="search_returnsAllArtistsWhenQueryIsBlank" classname="com.team4.vinilosapp.ui.viewmodels.ArtistViewModelTest" time="0.001"/>
  <testcase name="search_isNormalizedAndIgnoresAccents" classname="com.team4.vinilosapp.ui.viewmodels.ArtistViewModelTest" time="0.001"/>
  <testcase name="fetchArtists_setsEmptyListWhenAdapterFails" classname="com.team4.vinilosapp.ui.viewmodels.ArtistViewModelTest" time="0.0"/>
  <testcase name="fetchArtists_updatesListOnSuccess" classname="com.team4.vinilosapp.ui.viewmodels.ArtistViewModelTest" time="0.001"/>
  <testcase name="fetchArtists_setsLoadingFalseAfterCompletion" classname="com.team4.vinilosapp.ui.viewmodels.ArtistViewModelTest" time="0.0"/>
  <testcase name="search_isCaseInsensitive" classname="com.team4.vinilosapp.ui.viewmodels.ArtistViewModelTest" time="0.001"/>
  <testcase name="addAlbumToArtist_invokesOnErrorWhenAdapterFails" classname="com.team4.vinilosapp.ui.viewmodels.ArtistViewModelTest" time="0.001"/>
  <system-out><![CDATA[]]></system-out>
  <system-err><![CDATA[]]></system-err>
</testsuite>
