<?xml version="1.0" encoding="UTF-8"?>
<testsuite name="com.team4.vinilosapp.data.repository.CollectorRepositoryTest" tests="6" skipped="0" failures="0" errors="0" timestamp="2026-05-10T01:40:39.218Z" hostname="Fabians-MacBook-Air-2.local" time="0.002">
  <properties/>
  <testcase name="getCollectorDetail_returnsFailureWhenAdapterFails" classname="com.team4.vinilosapp.data.repository.CollectorRepositoryTest" time="0.001"/>
  <testcase name="getCollectors_returnsFailureWhenAdapterFails" classname="com.team4.vinilosapp.data.repository.CollectorRepositoryTest" time="0.0"/>
  <testcase name="getCollectors_returnsSuccessWithData" classname="com.team4.vinilosapp.data.repository.CollectorRepositoryTest" time="0.0"/>
  <testcase name="getCollectors_returnsEmptyListWhenResponseIsEmpty" classname="com.team4.vinilosapp.data.repository.CollectorRepositoryTest" time="0.0"/>
  <testcase name="getCollectorDetail_returnsSuccessWhenAdapterSucceeds" classname="com.team4.vinilosapp.data.repository.CollectorRepositoryTest" time="0.001"/>
  <testcase name="getCollectors_preservesCollectorFields" classname="com.team4.vinilosapp.data.repository.CollectorRepositoryTest" time="0.0"/>
  <system-out><![CDATA[]]></system-out>
  <system-err><![CDATA[]]></system-err>
</testsuite>
